<?xml version="1.0" encoding="UTF-8"?>
<!-- Generated by org.testng.reporters.JUnitReportReporter -->
<testsuite hostname="Richard-Lenovo-Laptop" failures="0" tests="1" name="richard.selenium.test.FullSequenceTest" time="16.632" errors="0" timestamp="2022-05-09T13:36:29 MST" skipped="0">
  <testcase classname="richard.selenium.test.FullSequenceTest" name="sequence1" time="16.632"/>
  <system-out/>
</testsuite> <!-- richard.selenium.test.FullSequenceTest -->
